{
  "0 debug pnpm:scope": {
    "selected": 1,
    "workspacePrefix": "/Users/ligfee/Documents/code/self/vue.d/hc-components"
  },
  "1 error pnpm": {
    "errno": 1,
    "code": "ELIFECYCLE",
    "pkgid": "examples@1.0.0",
    "stage": "dev",
    "script": "vite serve",
    "pkgname": "examples",
    "err": {
      "name": "pnpm",
      "message": "examples@1.0.0 dev: `vite serve`\nExit status 1",
      "code": "ELIFECYCLE",
      "stack": "pnpm: examples@1.0.0 dev: `vite serve`\nExit status 1\n    at EventEmitter.<anonymous> (/Users/ligfee/.config/yarn/global/node_modules/pnpm/dist/pnpm.cjs:105154:20)\n    at EventEmitter.emit (events.js:315:20)\n    at ChildProcess.<anonymous> (/Users/ligfee/.config/yarn/global/node_modules/pnpm/dist/pnpm.cjs:93143:18)\n    at ChildProcess.emit (events.js:315:20)\n    at maybeClose (internal/child_process.js:1048:16)\n    at Process.ChildProcess._handle.onexit (internal/child_process.js:288:5)"
    }
  },
  "2 warn pnpm:global": " Local package.json exists, but node_modules missing, did you mean to install?"
}